<?xml version="1.0" encoding="UTF-8"?>
<coverage generated="1780337553863" clover="3.2.0">
  <project timestamp="1780337553864" name="All files">
    <metrics statements="8" coveredstatements="8" conditionals="2" coveredconditionals="2" methods="4" coveredmethods="4" elements="14" coveredelements="14" complexity="0" loc="8" ncloc="8" packages="1" files="1" classes="1"/>
    <file name="calculadora.js" path="C:\Users\lizbe\Desktop\testing\calculadora-testing-jest\src\calculadora\calculadora.js">
      <metrics statements="8" coveredstatements="8" conditionals="2" coveredconditionals="2" methods="4" coveredmethods="4"/>
      <line num="4" count="3" type="stmt"/>
      <line num="6" count="3" type="stmt"/>
      <line num="8" count="3" type="stmt"/>
      <line num="10" count="1" type="stmt"/>
      <line num="11" count="3" type="cond" truecount="2" falsecount="0"/>
      <line num="12" count="1" type="stmt"/>
      <line num="14" count="2" type="stmt"/>
      <line num="17" count="1" type="stmt"/>
    </file>
  </project>
</coverage>
